# JRE version: Java(TM) SE Runtime Environment (8.0-b132) (build 1.8.0-b132)
# Java VM: Java HotSpot(TM) 64-Bit Server VM (25.0-b70 mixed mode windows-amd64 compressed oops)
Heap:
 PSYoungGen      total 55808K, used 45929K [0x00000000ec600000, 0x00000000f0800000, 0x0000000100000000)
  eden space 55296K, 82% used [0x00000000ec600000,0x00000000ef2ca418,0x00000000efc00000)
  from space 512K, 12% used [0x00000000efc00000,0x00000000efc10000,0x00000000efc80000)
  to   space 512K, 0% used [0x00000000f0780000,0x00000000f0780000,0x00000000f0800000)
 ParOldGen       total 59904K, used 25137K [0x00000000c5200000, 0x00000000c8c80000, 0x00000000ec600000)
  object space 59904K, 41% used [0x00000000c5200000,0x00000000c6a8c418,0x00000000c8c80000)
 Metaspace       used 23727K, capacity 24000K, committed 24192K, reserved 1071104K
  class space    used 3058K, capacity 3153K, committed 3200K, reserved 1048576K
GC Heap History (10 events):
Event: 156.313 GC heap before
{Heap before GC invocations=104 (full 1):
 PSYoungGen      total 37376K, used 36928K [0x00000000ec600000, 0x00000000efd00000, 0x0000000100000000)
  eden space 36864K, 100% used [0x00000000ec600000,0x00000000eea00000,0x00000000eea00000)
  from space 512K, 12% used [0x00000000efc80000,0x00000000efc90000,0x00000000efd00000)
  to   space 512K, 0% used [0x00000000efc00000,0x00000000efc00000,0x00000000efc80000)
 ParOldGen       total 59904K, used 25113K [0x00000000c5200000, 0x00000000c8c80000, 0x00000000ec600000)
  object space 59904K, 41% used [0x00000000c5200000,0x00000000c6a86418,0x00000000c8c80000)
 Metaspace       used 23711K, capacity 24000K, committed 24192K, reserved 1071104K
  class space    used 3057K, capacity 3153K, committed 3200K, reserved 1048576K
Event: 156.315 GC heap after
Heap after GC invocations=104 (full 1):
 PSYoungGen      total 35840K, used 64K [0x00000000ec600000, 0x00000000efd00000, 0x0000000100000000)
  eden space 35328K, 0% used [0x00000000ec600000,0x00000000ec600000,0x00000000ee880000)
  from space 512K, 12% used [0x00000000efc00000,0x00000000efc10000,0x00000000efc80000)
  to   space 512K, 0% used [0x00000000efc80000,0x00000000efc80000,0x00000000efd00000)
 ParOldGen       total 59904K, used 25121K [0x00000000c5200000, 0x00000000c8c80000, 0x00000000ec600000)
  object space 59904K, 41% used [0x00000000c5200000,0x00000000c6a88418,0x00000000c8c80000)
 Metaspace       used 23711K, capacity 24000K, committed 24192K, reserved 1071104K
  class space    used 3057K, capacity 3153K, committed 3200K, reserved 1048576K
}
Event: 157.021 GC heap before
{Heap before GC invocations=105 (full 1):
 PSYoungGen      total 35840K, used 35392K [0x00000000ec600000, 0x00000000efd00000, 0x0000000100000000)
  eden space 35328K, 100% used [0x00000000ec600000,0x00000000ee880000,0x00000000ee880000)
  from space 512K, 12% used [0x00000000efc00000,0x00000000efc10000,0x00000000efc80000)
  to   space 512K, 0% used [0x00000000efc80000,0x00000000efc80000,0x00000000efd00000)
 ParOldGen       total 59904K, used 25121K [0x00000000c5200000, 0x00000000c8c80000, 0x00000000ec600000)
  object space 59904K, 41% used [0x00000000c5200000,0x00000000c6a88418,0x00000000c8c80000)
 Metaspace       used 23711K, capacity 24000K, committed 24192K, reserved 1071104K
  class space    used 3057K, capacity 3153K, committed 3200K, reserved 1048576K
Event: 157.042 GC heap after
Heap after GC invocations=105 (full 1):
 PSYoungGen      total 43008K, used 64K [0x00000000ec600000, 0x00000000efd00000, 0x0000000100000000)
  eden space 42496K, 0% used [0x00000000ec600000,0x00000000ec600000,0x00000000eef80000)
  from space 512K, 12% used [0x00000000efc80000,0x00000000efc90000,0x00000000efd00000)
  to   space 512K, 0% used [0x00000000efc00000,0x00000000efc00000,0x00000000efc80000)
 ParOldGen       total 59904K, used 25121K [0x00000000c5200000, 0x00000000c8c80000, 0x00000000ec600000)
  object space 59904K, 41% used [0x00000000c5200000,0x00000000c6a88418,0x00000000c8c80000)
 Metaspace       used 23711K, capacity 24000K, committed 24192K, reserved 1071104K
  class space    used 3057K, capacity 3153K, committed 3200K, reserved 1048576K
}
Event: 158.087 GC heap before
{Heap before GC invocations=106 (full 1):
 PSYoungGen      total 43008K, used 42560K [0x00000000ec600000, 0x00000000efd00000, 0x0000000100000000)
  eden space 42496K, 100% used [0x00000000ec600000,0x00000000eef80000,0x00000000eef80000)
  from space 512K, 12% used [0x00000000efc80000,0x00000000efc90000,0x00000000efd00000)
  to   space 512K, 0% used [0x00000000efc00000,0x00000000efc00000,0x00000000efc80000)
 ParOldGen       total 59904K, used 25121K [0x00000000c5200000, 0x00000000c8c80000, 0x00000000ec600000)
  object space 59904K, 41% used [0x00000000c5200000,0x00000000c6a88418,0x00000000c8c80000)
 Metaspace       used 23711K, capacity 24000K, committed 24192K, reserved 1071104K
  class space    used 3057K, capacity 3153K, committed 3200K, reserved 1048576K
Event: 158.096 GC heap after
Heap after GC invocations=106 (full 1):
 PSYoungGen      total 51712K, used 96K [0x00000000ec600000, 0x00000000efd00000, 0x0000000100000000)
  eden space 51200K, 0% used [0x00000000ec600000,0x00000000ec600000,0x00000000ef800000)
  from space 512K, 18% used [0x00000000efc00000,0x00000000efc18000,0x00000000efc80000)
  to   space 512K, 0% used [0x00000000efc80000,0x00000000efc80000,0x00000000efd00000)
 ParOldGen       total 59904K, used 25121K [0x00000000c5200000, 0x00000000c8c80000, 0x00000000ec600000)
  object space 59904K, 41% used [0x00000000c5200000,0x00000000c6a88418,0x00000000c8c80000)
 Metaspace       used 23711K, capacity 24000K, committed 24192K, reserved 1071104K
  class space    used 3057K, capacity 3153K, committed 3200K, reserved 1048576K
}
Event: 159.221 GC heap before
{Heap before GC invocations=107 (full 1):
 PSYoungGen      total 51712K, used 51296K [0x00000000ec600000, 0x00000000efd00000, 0x0000000100000000)
  eden space 51200K, 100% used [0x00000000ec600000,0x00000000ef800000,0x00000000ef800000)
  from space 512K, 18% used [0x00000000efc00000,0x00000000efc18000,0x00000000efc80000)
  to   space 512K, 0% used [0x00000000efc80000,0x00000000efc80000,0x00000000efd00000)
 ParOldGen       total 59904K, used 25121K [0x00000000c5200000, 0x00000000c8c80000, 0x00000000ec600000)
  object space 59904K, 41% used [0x00000000c5200000,0x00000000c6a88418,0x00000000c8c80000)
 Metaspace       used 23711K, capacity 24000K, committed 24192K, reserved 1071104K
  class space    used 3057K, capacity 3153K, committed 3200K, reserved 1048576K
Event: 159.236 GC heap after
Heap after GC invocations=107 (full 1):
 PSYoungGen      total 55808K, used 64K [0x00000000ec600000, 0x00000000f0300000, 0x0000000100000000)
  eden space 55296K, 0% used [0x00000000ec600000,0x00000000ec600000,0x00000000efc00000)
  from space 512K, 12% used [0x00000000efc80000,0x00000000efc90000,0x00000000efd00000)
  to   space 512K, 0% used [0x00000000efc00000,0x00000000efc00000,0x00000000efc80000)
 ParOldGen       total 59904K, used 25137K [0x00000000c5200000, 0x00000000c8c80000, 0x00000000ec600000)
  object space 59904K, 41% used [0x00000000c5200000,0x00000000c6a8c418,0x00000000c8c80000)
 Metaspace       used 23711K, capacity 24000K, committed 24192K, reserved 1071104K
  class space    used 3057K, capacity 3153K, committed 3200K, reserved 1048576K
}
Event: 160.496 GC heap before
{Heap before GC invocations=108 (full 1):
 PSYoungGen      total 55808K, used 55360K [0x00000000ec600000, 0x00000000f0300000, 0x0000000100000000)
  eden space 55296K, 100% used [0x00000000ec600000,0x00000000efc00000,0x00000000efc00000)
  from space 512K, 12% used [0x00000000efc80000,0x00000000efc90000,0x00000000efd00000)
  to   space 512K, 0% used [0x00000000efc00000,0x00000000efc00000,0x00000000efc80000)
 ParOldGen       total 59904K, used 25137K [0x00000000c5200000, 0x00000000c8c80000, 0x00000000ec600000)
  object space 59904K, 41% used [0x00000000c5200000,0x00000000c6a8c418,0x00000000c8c80000)
 Metaspace       used 23711K, capacity 24000K, committed 24192K, reserved 1071104K
  class space    used 3057K, capacity 3153K, committed 3200K, reserved 1048576K
Event: 160.531 GC heap after
Heap after GC invocations=108 (full 1):
 PSYoungGen      total 55808K, used 64K [0x00000000ec600000, 0x00000000f0800000, 0x0000000100000000)
  eden space 55296K, 0% used [0x00000000ec600000,0x00000000ec600000,0x00000000efc00000)
  from space 512K, 12% used [0x00000000efc00000,0x00000000efc10000,0x00000000efc80000)
  to   space 512K, 0% used [0x00000000f0780000,0x00000000f0780000,0x00000000f0800000)
 ParOldGen       total 59904K, used 25137K [0x00000000c5200000, 0x00000000c8c80000, 0x00000000ec600000)
  object space 59904K, 41% used [0x00000000c5200000,0x00000000c6a8c418,0x00000000c8c80000)
 Metaspace       used 23711K, capacity 24000K, committed 24192K, reserved 1071104K
  class space    used 3057K, capacity 3153K, committed 3200K, reserved 1048576K
}

