# JRE version: Java(TM) SE Runtime Environment (7.0_51-b13) (build 1.7.0_51-b13)
# Java VM: Java HotSpot(TM) Client VM (24.51-b03 mixed mode, sharing windows-x86 )
Heap
 def new generation   total 11648K, used 1605K [0x24a20000, 0x256c0000, 0x29f70000)
  eden space 10368K,  15% used [0x24a20000, 0x24bb14b0, 0x25440000)
  from space 1280K,   0% used [0x25580000, 0x25580000, 0x256c0000)
  to   space 1280K,   0% used [0x25440000, 0x25440000, 0x25580000)
 tenured generation   total 25688K, used 14235K [0x29f70000, 0x2b886000, 0x34a20000)
   the space 25688K,  55% used [0x29f70000, 0x2ad56c88, 0x2ad56e00, 0x2b886000)
 compacting perm gen  total 12288K, used 6537K [0x34a20000, 0x35620000, 0x38a20000)
   the space 12288K,  53% used [0x34a20000, 0x35082438, 0x35082600, 0x35620000)
    ro space 10240K,  41% used [0x38a20000, 0x38e52050, 0x38e52200, 0x39420000)
    rw space 12288K,  52% used [0x39420000, 0x39a66800, 0x39a66800, 0x3a020000)
GC Heap History (10 events):
Event: 19.662 GC heap before
{Heap before GC invocations=20 (full 1):
 def new generation   total 9856K, used 4305K [0x24a20000, 0x254d0000, 0x29f70000)
  eden space 8768K,  38% used [0x24a20000, 0x24d75cf0, 0x252b0000)
  from space 1088K,  81% used [0x252b0000, 0x2538e8a8, 0x253c0000)
  to   space 1088K,   0% used [0x253c0000, 0x253c0000, 0x254d0000)
 tenured generation   total 21768K, used 15996K [0x29f70000, 0x2b4b2000, 0x34a20000)
   the space 21768K,  73% used [0x29f70000, 0x2af0f008, 0x2af0f200, 0x2b4b2000)
 compacting perm gen  total 12288K, used 6534K [0x34a20000, 0x35620000, 0x38a20000)
   the space 12288K,  53% used [0x34a20000, 0x35081b08, 0x35081c00, 0x35620000)
    ro space 10240K,  41% used [0x38a20000, 0x38e52050, 0x38e52200, 0x39420000)
    rw space 12288K,  52% used [0x39420000, 0x39a66800, 0x39a66800, 0x3a020000)
Event: 19.738 GC heap after
Heap after GC invocations=21 (full 2):
 def new generation   total 11648K, used 0K [0x24a20000, 0x256c0000, 0x29f70000)
  eden space 10368K,   0% used [0x24a20000, 0x24a20000, 0x25440000)
  from space 1280K,   0% used [0x25440000, 0x25440000, 0x25580000)
  to   space 1280K,   0% used [0x25580000, 0x25580000, 0x256c0000)
 tenured generation   total 25688K, used 15411K [0x29f70000, 0x2b886000, 0x34a20000)
   the space 25688K,  59% used [0x29f70000, 0x2ae7ccb8, 0x2ae7ce00, 0x2b886000)
 compacting perm gen  total 12288K, used 6534K [0x34a20000, 0x35620000, 0x38a20000)
   the space 12288K,  53% used [0x34a20000, 0x35081b08, 0x35081c00, 0x35620000)
    ro space 10240K,  41% used [0x38a20000, 0x38e52050, 0x38e52200, 0x39420000)
    rw space 12288K,  52% used [0x39420000, 0x39a66800, 0x39a66800, 0x3a020000)
}
Event: 19.741 GC heap before
{Heap before GC invocations=21 (full 2):
 def new generation   total 11648K, used 219K [0x24a20000, 0x256c0000, 0x29f70000)
  eden space 10368K,   2% used [0x24a20000, 0x24a56ee0, 0x25440000)
  from space 1280K,   0% used [0x25440000, 0x25440000, 0x25580000)
  to   space 1280K,   0% used [0x25580000, 0x25580000, 0x256c0000)
 tenured generation   total 25688K, used 15411K [0x29f70000, 0x2b886000, 0x34a20000)
   the space 25688K,  59% used [0x29f70000, 0x2ae7ccb8, 0x2ae7ce00, 0x2b886000)
 compacting perm gen  total 12288K, used 6534K [0x34a20000, 0x35620000, 0x38a20000)
   the space 12288K,  53% used [0x34a20000, 0x35081b08, 0x35081c00, 0x35620000)
    ro space 10240K,  41% used [0x38a20000, 0x38e52050, 0x38e52200, 0x39420000)
    rw space 12288K,  52% used [0x39420000, 0x39a66800, 0x39a66800, 0x3a020000)
Event: 19.743 GC heap after
Heap after GC invocations=22 (full 2):
 def new generation   total 11648K, used 7K [0x24a20000, 0x256c0000, 0x29f70000)
  eden space 10368K,   0% used [0x24a20000, 0x24a20000, 0x25440000)
  from space 1280K,   0% used [0x25580000, 0x25581ef8, 0x256c0000)
  to   space 1280K,   0% used [0x25440000, 0x25440000, 0x25580000)
 tenured generation   total 25688K, used 15411K [0x29f70000, 0x2b886000, 0x34a20000)
   the space 25688K,  59% used [0x29f70000, 0x2ae7ccb8, 0x2ae7ce00, 0x2b886000)
 compacting perm gen  total 12288K, used 6534K [0x34a20000, 0x35620000, 0x38a20000)
   the space 12288K,  53% used [0x34a20000, 0x35081b08, 0x35081c00, 0x35620000)
    ro space 10240K,  41% used [0x38a20000, 0x38e52050, 0x38e52200, 0x39420000)
    rw space 12288K,  52% used [0x39420000, 0x39a66800, 0x39a66800, 0x3a020000)
}
Event: 19.759 GC heap before
{Heap before GC invocations=22 (full 2):
 def new generation   total 11648K, used 132K [0x24a20000, 0x256c0000, 0x29f70000)
  eden space 10368K,   1% used [0x24a20000, 0x24a3f198, 0x25440000)
  from space 1280K,   0% used [0x25580000, 0x25581ef8, 0x256c0000)
  to   space 1280K,   0% used [0x25440000, 0x25440000, 0x25580000)
 tenured generation   total 25688K, used 15411K [0x29f70000, 0x2b886000, 0x34a20000)
   the space 25688K,  59% used [0x29f70000, 0x2ae7ccb8, 0x2ae7ce00, 0x2b886000)
 compacting perm gen  total 12288K, used 6550K [0x34a20000, 0x35620000, 0x38a20000)
   the space 12288K,  53% used [0x34a20000, 0x35085b08, 0x35085c00, 0x35620000)
    ro space 10240K,  41% used [0x38a20000, 0x38e52050, 0x38e52200, 0x39420000)
    rw space 12288K,  52% used [0x39420000, 0x39a66800, 0x39a66800, 0x3a020000)
Event: 19.828 GC heap after
Heap after GC invocations=23 (full 3):
 def new generation   total 11648K, used 0K [0x24a20000, 0x256c0000, 0x29f70000)
  eden space 10368K,   0% used [0x24a20000, 0x24a20000, 0x25440000)
  from space 1280K,   0% used [0x25580000, 0x25580000, 0x256c0000)
  to   space 1280K,   0% used [0x25440000, 0x25440000, 0x25580000)
 tenured generation   total 25688K, used 15414K [0x29f70000, 0x2b886000, 0x34a20000)
   the space 25688K,  60% used [0x29f70000, 0x2ae7dbb8, 0x2ae7dc00, 0x2b886000)
 compacting perm gen  total 12288K, used 6550K [0x34a20000, 0x35620000, 0x38a20000)
   the space 12288K,  53% used [0x34a20000, 0x35085b08, 0x35085c00, 0x35620000)
    ro space 10240K,  41% used [0x38a20000, 0x38e52050, 0x38e52200, 0x39420000)
    rw space 12288K,  52% used [0x39420000, 0x39a66800, 0x39a66800, 0x3a020000)
}
Event: 19.834 GC heap before
{Heap before GC invocations=23 (full 3):
 def new generation   total 11648K, used 51K [0x24a20000, 0x256c0000, 0x29f70000)
  eden space 10368K,   0% used [0x24a20000, 0x24a2cf80, 0x25440000)
  from space 1280K,   0% used [0x25580000, 0x25580000, 0x256c0000)
  to   space 1280K,   0% used [0x25440000, 0x25440000, 0x25580000)
 tenured generation   total 25688K, used 15414K [0x29f70000, 0x2b886000, 0x34a20000)
   the space 25688K,  60% used [0x29f70000, 0x2ae7dbb8, 0x2ae7dc00, 0x2b886000)
 compacting perm gen  total 12288K, used 6552K [0x34a20000, 0x35620000, 0x38a20000)
   the space 12288K,  53% used [0x34a20000, 0x350861d0, 0x35086200, 0x35620000)
    ro space 10240K,  41% used [0x38a20000, 0x38e52050, 0x38e52200, 0x39420000)
    rw space 12288K,  52% used [0x39420000, 0x39a66800, 0x39a66800, 0x3a020000)
Event: 19.915 GC heap after
Heap after GC invocations=24 (full 4):
 def new generation   total 11648K, used 0K [0x24a20000, 0x256c0000, 0x29f70000)
  eden space 10368K,   0% used [0x24a20000, 0x24a20000, 0x25440000)
  from space 1280K,   0% used [0x25580000, 0x25580000, 0x256c0000)
  to   space 1280K,   0% used [0x25440000, 0x25440000, 0x25580000)
 tenured generation   total 25688K, used 14234K [0x29f70000, 0x2b886000, 0x34a20000)
   the space 25688K,  55% used [0x29f70000, 0x2ad56a08, 0x2ad56c00, 0x2b886000)
 compacting perm gen  total 12288K, used 6528K [0x34a20000, 0x35620000, 0x38a20000)
   the space 12288K,  53% used [0x34a20000, 0x35080278, 0x35080400, 0x35620000)
    ro space 10240K,  41% used [0x38a20000, 0x38e52050, 0x38e52200, 0x39420000)
    rw space 12288K,  52% used [0x39420000, 0x39a66800, 0x39a66800, 0x3a020000)
}
Event: 19.928 GC heap before
{Heap before GC invocations=24 (full 4):
 def new generation   total 11648K, used 151K [0x24a20000, 0x256c0000, 0x29f70000)
  eden space 10368K,   1% used [0x24a20000, 0x24a45e18, 0x25440000)
  from space 1280K,   0% used [0x25580000, 0x25580000, 0x256c0000)
  to   space 1280K,   0% used [0x25440000, 0x25440000, 0x25580000)
 tenured generation   total 25688K, used 14234K [0x29f70000, 0x2b886000, 0x34a20000)
   the space 25688K,  55% used [0x29f70000, 0x2ad56a08, 0x2ad56c00, 0x2b886000)
 compacting perm gen  total 12288K, used 6528K [0x34a20000, 0x35620000, 0x38a20000)
   the space 12288K,  53% used [0x34a20000, 0x35080278, 0x35080400, 0x35620000)
    ro space 10240K,  41% used [0x38a20000, 0x38e52050, 0x38e52200, 0x39420000)
    rw space 12288K,  52% used [0x39420000, 0x39a66800, 0x39a66800, 0x3a020000)
Event: 19.996 GC heap after
Heap after GC invocations=25 (full 5):
 def new generation   total 11648K, used 0K [0x24a20000, 0x256c0000, 0x29f70000)
  eden space 10368K,   0% used [0x24a20000, 0x24a20000, 0x25440000)
  from space 1280K,   0% used [0x25580000, 0x25580000, 0x256c0000)
  to   space 1280K,   0% used [0x25440000, 0x25440000, 0x25580000)
 tenured generation   total 25688K, used 14235K [0x29f70000, 0x2b886000, 0x34a20000)
   the space 25688K,  55% used [0x29f70000, 0x2ad56c88, 0x2ad56e00, 0x2b886000)
 compacting perm gen  total 12288K, used 6528K [0x34a20000, 0x35620000, 0x38a20000)
   the space 12288K,  53% used [0x34a20000, 0x35080278, 0x35080400, 0x35620000)
    ro space 10240K,  41% used [0x38a20000, 0x38e52050, 0x38e52200, 0x39420000)
    rw space 12288K,  52% used [0x39420000, 0x39a66800, 0x39a66800, 0x3a020000)
}

